/*C1*/SET SCHEMA SYSTEM_LOBS
INSERT INTO BLOCKS VALUES(0,2147483647,0)
COMMIT
/*C2*/SET SCHEMA PUBLIC
drop table TB_CONTATO if exists
drop table TB_OPERADORA if exists
drop table TB_USUARIO if exists
create table TB_CONTATO (ID_CONTATO integer generated by default as identity (start with 1), DT_ANIVERSARIO date, NU_FONE varchar(255), NM_CONTATO varchar(255), ID_OPERADORA integer, primary key (ID_CONTATO))
create table TB_OPERADORA (ID_OPERADORA integer generated by default as identity (start with 1), NM_OPERADORA varchar(255), NU_PREFIXO integer, primary key (ID_OPERADORA))
create table TB_USUARIO (NU_ID integer generated by default as identity (start with 1), ST_ATIVO boolean, DS_EMAIL varchar(255), DS_NOME varchar(255), DS_SENHA varchar(255), primary key (NU_ID))
alter table TB_CONTATO add constraint FKtkoytlfhy605emsn88ckhpqwx foreign key (ID_OPERADORA) references TB_OPERADORA
INSERT INTO TB_OPERADORA VALUES(1,'Oi',31)
INSERT INTO TB_OPERADORA VALUES(2,'Vivo',53)
INSERT INTO TB_OPERADORA VALUES(3,'Claro',41)
COMMIT
/*C3*/SET SCHEMA PUBLIC
INSERT INTO TB_CONTATO VALUES(1,'2016-10-31','3422-9900','Jose Carlos da Silva',1)
INSERT INTO TB_CONTATO VALUES(2,'2016-10-31','3662-5536','Maria Clara dos Santos',2)
INSERT INTO TB_CONTATO VALUES(3,'2016-10-31','3556-8433','Joao Firmino da Costa',1)
INSERT INTO TB_CONTATO VALUES(4,'2016-10-31','3417-4237','Priscila Almeida Pontes',3)
INSERT INTO TB_CONTATO VALUES(5,'2016-10-31','3417-4645','Walter Pontes Fontes',2)
INSERT INTO TB_CONTATO VALUES(6,'2016-10-31','9888-4099','Amanda Correia Lima',2)
INSERT INTO TB_CONTATO VALUES(7,'2016-10-31','98388-4787','Rogerio Nunes',1)
INSERT INTO TB_CONTATO VALUES(8,'2016-10-31','98747-4849','Carol Soares Barbosa',3)
INSERT INTO TB_CONTATO VALUES(9,'2016-10-31','98821-4899','Cesar Ferreira da Silva',1)
INSERT INTO TB_CONTATO VALUES(10,'2016-10-31','94432-0199','Natalia Seixas Gomes',2)
COMMIT
DISCONNECT
/*C2*/DISCONNECT
